# Logfile created on 2022-09-03 01:03:03 +0900 by logger.rb/66358
D, [2022-09-03T01:03:03.663014 #11628] DEBUG -- :   [1m[35m (2.8ms)[0m  [1m[34mSELECT sqlite_version(*)[0m
D, [2022-09-03T01:03:03.851943 #11628] DEBUG -- :   [1m[35m (188.0ms)[0m  [1m[35mCREATE TABLE "schema_migrations" ("version" varchar NOT NULL PRIMARY KEY)[0m
D, [2022-09-03T01:03:04.013071 #11628] DEBUG -- :   [1m[35m (155.1ms)[0m  [1m[35mCREATE TABLE "ar_internal_metadata" ("key" varchar NOT NULL PRIMARY KEY, "value" varchar, "created_at" datetime(6) NOT NULL, "updated_at" datetime(6) NOT NULL)[0m
D, [2022-09-03T01:03:04.040918 #11628] DEBUG -- :   [1m[35m (0.2ms)[0m  [1m[34mSELECT "schema_migrations"."version" FROM "schema_migrations" ORDER BY "schema_migrations"."version" ASC[0m
I, [2022-09-03T01:03:04.041457 #11628]  INFO -- : Migrating to CreateCountdatetime (10)
D, [2022-09-03T01:03:04.050291 #11628] DEBUG -- :   [1m[36mTRANSACTION (0.1ms)[0m  [1m[36mbegin transaction[0m
D, [2022-09-03T01:03:04.052606 #11628] DEBUG -- :   [1m[35m (1.6ms)[0m  [1m[35mCREATE TABLE "countdatetimes" ("id" integer PRIMARY KEY AUTOINCREMENT NOT NULL, "countdatetime" datetime NOT NULL)[0m
D, [2022-09-03T01:03:04.058071 #11628] DEBUG -- :   [1m[36mActiveRecord::SchemaMigration Create (0.2ms)[0m  [1m[32mINSERT INTO "schema_migrations" ("version") VALUES (?)[0m  [["version", "10"]]
D, [2022-09-03T01:03:04.151439 #11628] DEBUG -- :   [1m[36mTRANSACTION (92.9ms)[0m  [1m[36mcommit transaction[0m
I, [2022-09-03T01:03:04.151771 #11628]  INFO -- : Migrating to CreateEvnb (20)
D, [2022-09-03T01:03:04.158697 #11628] DEBUG -- :   [1m[36mTRANSACTION (0.1ms)[0m  [1m[36mbegin transaction[0m
D, [2022-09-03T01:03:04.162822 #11628] DEBUG -- :   [1m[35m (1.5ms)[0m  [1m[35mCREATE TABLE "evnbs" ("id" integer PRIMARY KEY AUTOINCREMENT NOT NULL, "time_id" integer NOT NULL, "ennb_id" integer NOT NULL)[0m
D, [2022-09-03T01:03:04.168444 #11628] DEBUG -- :   [1m[36mActiveRecord::SchemaMigration Create (0.2ms)[0m  [1m[32mINSERT INTO "schema_migrations" ("version") VALUES (?)[0m  [["version", "20"]]
D, [2022-09-03T01:03:04.267937 #11628] DEBUG -- :   [1m[36mTRANSACTION (99.2ms)[0m  [1m[36mcommit transaction[0m
I, [2022-09-03T01:03:04.268292 #11628]  INFO -- : Migrating to CreateEnnblist (30)
D, [2022-09-03T01:03:04.272575 #11628] DEBUG -- :   [1m[36mTRANSACTION (0.1ms)[0m  [1m[36mbegin transaction[0m
D, [2022-09-03T01:03:04.274713 #11628] DEBUG -- :   [1m[35m (1.6ms)[0m  [1m[35mCREATE TABLE "ennblists" ("id" integer PRIMARY KEY AUTOINCREMENT NOT NULL, "stack" varchar NOT NULL, "notebook" varchar NOT NULL, "count" integer NOT NULL, "tag_count" integer NOT NULL, "start_datetime" datetime NOT NULL)[0m
D, [2022-09-03T01:03:04.277654 #11628] DEBUG -- :   [1m[36mActiveRecord::SchemaMigration Create (0.3ms)[0m  [1m[32mINSERT INTO "schema_migrations" ("version") VALUES (?)[0m  [["version", "30"]]
D, [2022-09-03T01:03:04.384992 #11628] DEBUG -- :   [1m[36mTRANSACTION (106.9ms)[0m  [1m[36mcommit transaction[0m
I, [2022-09-03T01:03:04.385398 #11628]  INFO -- : Migrating to CreateInvalidennblist (40)
D, [2022-09-03T01:03:04.389478 #11628] DEBUG -- :   [1m[36mTRANSACTION (0.1ms)[0m  [1m[36mbegin transaction[0m
D, [2022-09-03T01:03:04.408728 #11628] DEBUG -- :   [1m[35m (18.7ms)[0m  [1m[35mCREATE TABLE "invalidennblists" ("id" integer PRIMARY KEY AUTOINCREMENT NOT NULL, "org_id" int NOT NULL, "count_id" int)[0m
D, [2022-09-03T01:03:04.414869 #11628] DEBUG -- :   [1m[36mActiveRecord::SchemaMigration Create (0.2ms)[0m  [1m[32mINSERT INTO "schema_migrations" ("version") VALUES (?)[0m  [["version", "40"]]
D, [2022-09-03T01:03:04.584532 #11628] DEBUG -- :   [1m[36mTRANSACTION (167.4ms)[0m  [1m[36mcommit transaction[0m
I, [2022-09-03T01:03:04.584953 #11628]  INFO -- : Migrating to CreateCurrentennblist (50)
D, [2022-09-03T01:03:04.590157 #11628] DEBUG -- :   [1m[36mTRANSACTION (0.1ms)[0m  [1m[36mbegin transaction[0m
D, [2022-09-03T01:03:04.592606 #11628] DEBUG -- :   [1m[35m (1.7ms)[0m  [1m[35m      CREATE VIEW currentennblists AS SELECT id as org_id,
stack , notebook , count , tag_count , start_datetime    
      FROM ennblists where not exists (select * from invalidennblists where invalidennblists.org_id = ennblists.id )
[0m
D, [2022-09-03T01:03:04.596658 #11628] DEBUG -- :   [1m[36mActiveRecord::SchemaMigration Create (0.3ms)[0m  [1m[32mINSERT INTO "schema_migrations" ("version") VALUES (?)[0m  [["version", "50"]]
D, [2022-09-03T01:03:04.670893 #11628] DEBUG -- :   [1m[36mTRANSACTION (73.8ms)[0m  [1m[36mcommit transaction[0m
D, [2022-09-03T01:03:04.675929 #11628] DEBUG -- :   [1m[36mActiveRecord::InternalMetadata Load (0.2ms)[0m  [1m[34mSELECT "ar_internal_metadata".* FROM "ar_internal_metadata" WHERE "ar_internal_metadata"."key" = ? LIMIT ?[0m  [["key", "environment"], ["LIMIT", 1]]
D, [2022-09-03T01:03:04.691265 #11628] DEBUG -- :   [1m[36mTRANSACTION (0.0ms)[0m  [1m[36mbegin transaction[0m
D, [2022-09-03T01:03:04.693469 #11628] DEBUG -- :   [1m[36mActiveRecord::InternalMetadata Create (1.6ms)[0m  [1m[32mINSERT INTO "ar_internal_metadata" ("key", "value", "created_at", "updated_at") VALUES (?, ?, ?, ?)[0m  [["key", "environment"], ["value", "default_env"], ["created_at", "2022-09-02 16:03:04.678606"], ["updated_at", "2022-09-02 16:03:04.678606"]]
D, [2022-09-03T01:03:04.787924 #11628] DEBUG -- :   [1m[36mTRANSACTION (93.9ms)[0m  [1m[36mcommit transaction[0m
